{"C:\\Users\\n2917\\OneDrive\\Desktop\\S.A.M\\models\\server.js": {"path":"C:\\Users\\n2917\\OneDrive\\Desktop\\S.A.M\\models\\server.js","statementMap":{"0":{"start":{"line":1,"column":0},"end":{"line":1,"column":27}},"1":{"start":{"line":2,"column":16},"end":{"line":2,"column":34}},"2":{"start":{"line":3,"column":13},"end":{"line":3,"column":28}},"3":{"start":{"line":4,"column":14},"end":{"line":4,"column":30}},"4":{"start":{"line":5,"column":11},"end":{"line":5,"column":24}},"5":{"start":{"line":6,"column":10},"end":{"line":6,"column":24}},"6":{"start":{"line":7,"column":13},"end":{"line":7,"column":30}},"7":{"start":{"line":8,"column":14},"end":{"line":8,"column":39}},"8":{"start":{"line":9,"column":15},"end":{"line":9,"column":34}},"9":{"start":{"line":10,"column":16},"end":{"line":10,"column":42}},"10":{"start":{"line":11,"column":19},"end":{"line":11,"column":40}},"11":{"start":{"line":12,"column":13},"end":{"line":12,"column":28}},"12":{"start":{"line":13,"column":12},"end":{"line":13,"column":31}},"13":{"start":{"line":14,"column":19},"end":{"line":14,"column":41}},"14":{"start":{"line":16,"column":0},"end":{"line":16,"column":96}},"15":{"start":{"line":19,"column":13},"end":{"line":28,"column":2}},"16":{"start":{"line":32,"column":8},"end":{"line":32,"column":29}},"17":{"start":{"line":33,"column":8},"end":{"line":33,"column":29}},"18":{"start":{"line":34,"column":8},"end":{"line":34,"column":45}},"19":{"start":{"line":35,"column":8},"end":{"line":35,"column":41}},"20":{"start":{"line":36,"column":8},"end":{"line":36,"column":38}},"21":{"start":{"line":37,"column":8},"end":{"line":37,"column":39}},"22":{"start":{"line":38,"column":8},"end":{"line":38,"column":47}},"23":{"start":{"line":39,"column":8},"end":{"line":39,"column":43}},"24":{"start":{"line":40,"column":8},"end":{"line":40,"column":27}},"25":{"start":{"line":41,"column":8},"end":{"line":41,"column":22}},"26":{"start":{"line":42,"column":8},"end":{"line":42,"column":22}},"27":{"start":{"line":43,"column":8},"end":{"line":43,"column":29}},"28":{"start":{"line":44,"column":8},"end":{"line":50,"column":11}},"29":{"start":{"line":55,"column":4},"end":{"line":58,"column":5}},"30":{"start":{"line":56,"column":8},"end":{"line":56,"column":74}},"31":{"start":{"line":57,"column":8},"end":{"line":57,"column":15}},"32":{"start":{"line":61,"column":20},"end":{"line":67,"column":5}},"33":{"start":{"line":70,"column":4},"end":{"line":74,"column":5}},"34":{"start":{"line":71,"column":8},"end":{"line":73,"column":11}},"35":{"start":{"line":72,"column":12},"end":{"line":72,"column":62}},"36":{"start":{"line":77,"column":4},"end":{"line":79,"column":7}},"37":{"start":{"line":78,"column":8},"end":{"line":78,"column":43}},"38":{"start":{"line":81,"column":4},"end":{"line":83,"column":7}},"39":{"start":{"line":82,"column":8},"end":{"line":82,"column":59}},"40":{"start":{"line":86,"column":4},"end":{"line":149,"column":5}},"41":{"start":{"line":87,"column":21},"end":{"line":87,"column":36}},"42":{"start":{"line":89,"column":24},"end":{"line":98,"column":10}},"43":{"start":{"line":100,"column":25},"end":{"line":112,"column":10}},"44":{"start":{"line":114,"column":23},"end":{"line":119,"column":10}},"45":{"start":{"line":121,"column":33},"end":{"line":127,"column":10}},"46":{"start":{"line":129,"column":27},"end":{"line":132,"column":10}},"47":{"start":{"line":135,"column":8},"end":{"line":148,"column":9}},"48":{"start":{"line":136,"column":12},"end":{"line":136,"column":66}},"49":{"start":{"line":137,"column":12},"end":{"line":137,"column":72}},"50":{"start":{"line":138,"column":12},"end":{"line":138,"column":66}},"51":{"start":{"line":139,"column":12},"end":{"line":139,"column":95}},"52":{"start":{"line":140,"column":12},"end":{"line":140,"column":77}},"53":{"start":{"line":143,"column":12},"end":{"line":143,"column":57}},"54":{"start":{"line":144,"column":12},"end":{"line":144,"column":62}},"55":{"start":{"line":145,"column":12},"end":{"line":145,"column":58}},"56":{"start":{"line":146,"column":12},"end":{"line":146,"column":77}},"57":{"start":{"line":147,"column":12},"end":{"line":147,"column":65}},"58":{"start":{"line":152,"column":8},"end":{"line":165,"column":9}},"59":{"start":{"line":153,"column":30},"end":{"line":153,"column":77}},"60":{"start":{"line":154,"column":33},"end":{"line":154,"column":82}},"61":{"start":{"line":156,"column":12},"end":{"line":161,"column":13}},"62":{"start":{"line":157,"column":33},"end":{"line":157,"column":50}},"63":{"start":{"line":158,"column":16},"end":{"line":158,"column":36}},"64":{"start":{"line":160,"column":16},"end":{"line":160,"column":25}},"65":{"start":{"line":163,"column":12},"end":{"line":163,"column":73}},"66":{"start":{"line":164,"column":12},"end":{"line":164,"column":24}},"67":{"start":{"line":168,"column":8},"end":{"line":177,"column":9}},"68":{"start":{"line":170,"column":25},"end":{"line":170,"column":51}},"69":{"start":{"line":171,"column":12},"end":{"line":171,"column":27}},"70":{"start":{"line":172,"column":12},"end":{"line":172,"column":24}},"71":{"start":{"line":175,"column":12},"end":{"line":175,"column":55}},"72":{"start":{"line":176,"column":12},"end":{"line":176,"column":25}},"73":{"start":{"line":184,"column":8},"end":{"line":184,"column":49}},"74":{"start":{"line":185,"column":8},"end":{"line":185,"column":37}},"75":{"start":{"line":186,"column":8},"end":{"line":186,"column":61}},"76":{"start":{"line":187,"column":8},"end":{"line":187,"column":43}},"77":{"start":{"line":188,"column":8},"end":{"line":193,"column":12}},"78":{"start":{"line":201,"column":8},"end":{"line":203,"column":10}},"79":{"start":{"line":202,"column":12},"end":{"line":202,"column":32}},"80":{"start":{"line":205,"column":8},"end":{"line":264,"column":11}},"81":{"start":{"line":206,"column":12},"end":{"line":263,"column":13}},"82":{"start":{"line":208,"column":44},"end":{"line":208,"column":52}},"83":{"start":{"line":209,"column":27},"end":{"line":209,"column":31}},"84":{"start":{"line":212,"column":40},"end":{"line":212,"column":67}},"85":{"start":{"line":213,"column":16},"end":{"line":213,"column":66}},"86":{"start":{"line":216,"column":16},"end":{"line":221,"column":17}},"87":{"start":{"line":217,"column":35},"end":{"line":217,"column":100}},"88":{"start":{"line":218,"column":20},"end":{"line":218,"column":43}},"89":{"start":{"line":220,"column":20},"end":{"line":220,"column":79}},"90":{"start":{"line":224,"column":16},"end":{"line":227,"column":17}},"91":{"start":{"line":225,"column":20},"end":{"line":225,"column":64}},"92":{"start":{"line":226,"column":20},"end":{"line":226,"column":84}},"93":{"start":{"line":230,"column":32},"end":{"line":230,"column":77}},"94":{"start":{"line":231,"column":16},"end":{"line":234,"column":17}},"95":{"start":{"line":232,"column":20},"end":{"line":232,"column":64}},"96":{"start":{"line":233,"column":20},"end":{"line":233,"column":84}},"97":{"start":{"line":237,"column":16},"end":{"line":237,"column":50}},"98":{"start":{"line":238,"column":16},"end":{"line":238,"column":78}},"99":{"start":{"line":239,"column":16},"end":{"line":239,"column":46}},"100":{"start":{"line":240,"column":16},"end":{"line":240,"column":50}},"101":{"start":{"line":242,"column":16},"end":{"line":242,"column":90}},"102":{"start":{"line":245,"column":38},"end":{"line":249,"column":17}},"103":{"start":{"line":251,"column":29},"end":{"line":251,"column":55}},"104":{"start":{"line":252,"column":16},"end":{"line":254,"column":17}},"105":{"start":{"line":253,"column":20},"end":{"line":253,"column":46}},"106":{"start":{"line":256,"column":16},"end":{"line":256,"column":54}},"107":{"start":{"line":257,"column":16},"end":{"line":257,"column":76}},"108":{"start":{"line":261,"column":16},"end":{"line":261,"column":59}},"109":{"start":{"line":262,"column":16},"end":{"line":262,"column":85}},"110":{"start":{"line":266,"column":8},"end":{"line":275,"column":11}},"111":{"start":{"line":267,"column":12},"end":{"line":274,"column":15}},"112":{"start":{"line":268,"column":16},"end":{"line":273,"column":17}},"113":{"start":{"line":269,"column":20},"end":{"line":269,"column":65}},"114":{"start":{"line":270,"column":20},"end":{"line":270,"column":67}},"115":{"start":{"line":272,"column":20},"end":{"line":272,"column":38}},"116":{"start":{"line":279,"column":8},"end":{"line":286,"column":11}},"117":{"start":{"line":280,"column":8},"end":{"line":285,"column":9}},"118":{"start":{"line":281,"column":27},"end":{"line":281,"column":84}},"119":{"start":{"line":282,"column":12},"end":{"line":282,"column":27}},"120":{"start":{"line":284,"column":8},"end":{"line":284,"column":75}},"121":{"start":{"line":287,"column":8},"end":{"line":297,"column":11}},"122":{"start":{"line":288,"column":12},"end":{"line":296,"column":13}},"123":{"start":{"line":289,"column":16},"end":{"line":289,"column":63}},"124":{"start":{"line":290,"column":31},"end":{"line":290,"column":101}},"125":{"start":{"line":291,"column":16},"end":{"line":291,"column":54}},"126":{"start":{"line":292,"column":16},"end":{"line":292,"column":31}},"127":{"start":{"line":294,"column":16},"end":{"line":294,"column":62}},"128":{"start":{"line":295,"column":16},"end":{"line":295,"column":83}},"129":{"start":{"line":300,"column":8},"end":{"line":313,"column":11}},"130":{"start":{"line":301,"column":12},"end":{"line":312,"column":13}},"131":{"start":{"line":302,"column":31},"end":{"line":308,"column":18}},"132":{"start":{"line":309,"column":16},"end":{"line":309,"column":31}},"133":{"start":{"line":311,"column":16},"end":{"line":311,"column":93}},"134":{"start":{"line":315,"column":8},"end":{"line":322,"column":11}},"135":{"start":{"line":316,"column":12},"end":{"line":321,"column":13}},"136":{"start":{"line":317,"column":31},"end":{"line":317,"column":104}},"137":{"start":{"line":318,"column":16},"end":{"line":318,"column":31}},"138":{"start":{"line":320,"column":16},"end":{"line":320,"column":88}},"139":{"start":{"line":324,"column":8},"end":{"line":326,"column":11}},"140":{"start":{"line":325,"column":8},"end":{"line":325,"column":49}},"141":{"start":{"line":333,"column":8},"end":{"line":350,"column":11}},"142":{"start":{"line":334,"column":12},"end":{"line":349,"column":13}},"143":{"start":{"line":335,"column":29},"end":{"line":335,"column":43}},"144":{"start":{"line":336,"column":28},"end":{"line":336,"column":116}},"145":{"start":{"line":338,"column":16},"end":{"line":345,"column":17}},"146":{"start":{"line":339,"column":20},"end":{"line":339,"column":49}},"147":{"start":{"line":340,"column":36},"end":{"line":340,"column":67}},"148":{"start":{"line":341,"column":20},"end":{"line":341,"column":36}},"149":{"start":{"line":343,"column":36},"end":{"line":343,"column":59}},"150":{"start":{"line":344,"column":20},"end":{"line":344,"column":36}},"151":{"start":{"line":347,"column":16},"end":{"line":347,"column":67}},"152":{"start":{"line":348,"column":16},"end":{"line":348,"column":95}},"153":{"start":{"line":353,"column":8},"end":{"line":369,"column":11}},"154":{"start":{"line":354,"column":12},"end":{"line":368,"column":13}},"155":{"start":{"line":355,"column":31},"end":{"line":358,"column":17}},"156":{"start":{"line":360,"column":16},"end":{"line":362,"column":17}},"157":{"start":{"line":361,"column":20},"end":{"line":361,"column":102}},"158":{"start":{"line":364,"column":16},"end":{"line":364,"column":34}},"159":{"start":{"line":366,"column":16},"end":{"line":366,"column":66}},"160":{"start":{"line":367,"column":16},"end":{"line":367,"column":94}},"161":{"start":{"line":372,"column":8},"end":{"line":390,"column":11}},"162":{"start":{"line":373,"column":12},"end":{"line":389,"column":13}},"163":{"start":{"line":374,"column":80},"end":{"line":374,"column":88}},"164":{"start":{"line":376,"column":33},"end":{"line":379,"column":17}},"165":{"start":{"line":381,"column":16},"end":{"line":383,"column":17}},"166":{"start":{"line":382,"column":20},"end":{"line":382,"column":102}},"167":{"start":{"line":385,"column":16},"end":{"line":385,"column":44}},"168":{"start":{"line":387,"column":16},"end":{"line":387,"column":69}},"169":{"start":{"line":388,"column":16},"end":{"line":388,"column":97}},"170":{"start":{"line":393,"column":8},"end":{"line":406,"column":11}},"171":{"start":{"line":394,"column":12},"end":{"line":405,"column":13}},"172":{"start":{"line":395,"column":33},"end":{"line":395,"column":105}},"173":{"start":{"line":397,"column":16},"end":{"line":399,"column":17}},"174":{"start":{"line":398,"column":20},"end":{"line":398,"column":102}},"175":{"start":{"line":401,"column":16},"end":{"line":401,"column":44}},"176":{"start":{"line":403,"column":16},"end":{"line":403,"column":67}},"177":{"start":{"line":404,"column":16},"end":{"line":404,"column":95}},"178":{"start":{"line":410,"column":8},"end":{"line":489,"column":11}},"179":{"start":{"line":411,"column":12},"end":{"line":488,"column":13}},"180":{"start":{"line":412,"column":67},"end":{"line":412,"column":75}},"181":{"start":{"line":415,"column":33},"end":{"line":418,"column":17}},"182":{"start":{"line":420,"column":37},"end":{"line":422,"column":41}},"183":{"start":{"line":424,"column":34},"end":{"line":424,"column":90}},"184":{"start":{"line":425,"column":36},"end":{"line":427,"column":26}},"185":{"start":{"line":430,"column":33},"end":{"line":430,"column":80}},"186":{"start":{"line":433,"column":16},"end":{"line":436,"column":17}},"187":{"start":{"line":434,"column":20},"end":{"line":434,"column":91}},"188":{"start":{"line":435,"column":20},"end":{"line":435,"column":86}},"189":{"start":{"line":439,"column":29},"end":{"line":460,"column":17}},"190":{"start":{"line":463,"column":16},"end":{"line":484,"column":19}},"191":{"start":{"line":464,"column":20},"end":{"line":467,"column":21}},"192":{"start":{"line":465,"column":24},"end":{"line":465,"column":77}},"193":{"start":{"line":466,"column":24},"end":{"line":466,"column":87}},"194":{"start":{"line":470,"column":36},"end":{"line":472,"column":21}},"195":{"start":{"line":474,"column":20},"end":{"line":483,"column":23}},"196":{"start":{"line":475,"column":24},"end":{"line":478,"column":25}},"197":{"start":{"line":476,"column":28},"end":{"line":476,"column":72}},"198":{"start":{"line":477,"column":28},"end":{"line":477,"column":91}},"199":{"start":{"line":480,"column":24},"end":{"line":480,"column":73}},"200":{"start":{"line":481,"column":24},"end":{"line":481,"column":110}},"201":{"start":{"line":482,"column":24},"end":{"line":482,"column":41}},"202":{"start":{"line":486,"column":16},"end":{"line":486,"column":63}},"203":{"start":{"line":487,"column":16},"end":{"line":487,"column":78}},"204":{"start":{"line":495,"column":8},"end":{"line":505,"column":11}},"205":{"start":{"line":496,"column":12},"end":{"line":498,"column":13}},"206":{"start":{"line":497,"column":16},"end":{"line":497,"column":46}},"207":{"start":{"line":500,"column":12},"end":{"line":504,"column":13}},"208":{"start":{"line":501,"column":16},"end":{"line":501,"column":100}},"209":{"start":{"line":503,"column":16},"end":{"line":503,"column":53}},"210":{"start":{"line":509,"column":8},"end":{"line":515,"column":11}},"211":{"start":{"line":510,"column":12},"end":{"line":514,"column":13}},"212":{"start":{"line":511,"column":12},"end":{"line":511,"column":57}},"213":{"start":{"line":513,"column":16},"end":{"line":513,"column":45}},"214":{"start":{"line":518,"column":8},"end":{"line":528,"column":11}},"215":{"start":{"line":519,"column":12},"end":{"line":527,"column":13}},"216":{"start":{"line":520,"column":44},"end":{"line":520,"column":510}},"217":{"start":{"line":521,"column":41},"end":{"line":521,"column":640}},"218":{"start":{"line":522,"column":35},"end":{"line":522,"column":124}},"219":{"start":{"line":524,"column":16},"end":{"line":524,"column":147}},"220":{"start":{"line":526,"column":16},"end":{"line":526,"column":45}},"221":{"start":{"line":531,"column":8},"end":{"line":533,"column":11}},"222":{"start":{"line":532,"column":12},"end":{"line":532,"column":53}},"223":{"start":{"line":536,"column":8},"end":{"line":546,"column":11}},"224":{"start":{"line":537,"column":12},"end":{"line":545,"column":13}},"225":{"start":{"line":538,"column":38},"end":{"line":541,"column":17}},"226":{"start":{"line":542,"column":12},"end":{"line":542,"column":79}},"227":{"start":{"line":544,"column":16},"end":{"line":544,"column":45}},"228":{"start":{"line":550,"column":8},"end":{"line":559,"column":11}},"229":{"start":{"line":551,"column":12},"end":{"line":558,"column":13}},"230":{"start":{"line":553,"column":35},"end":{"line":553,"column":124}},"231":{"start":{"line":554,"column":16},"end":{"line":554,"column":35}},"232":{"start":{"line":556,"column":16},"end":{"line":556,"column":67}},"233":{"start":{"line":557,"column":16},"end":{"line":557,"column":66}},"234":{"start":{"line":562,"column":8},"end":{"line":595,"column":11}},"235":{"start":{"line":563,"column":12},"end":{"line":594,"column":13}},"236":{"start":{"line":564,"column":33},"end":{"line":564,"column":116}},"237":{"start":{"line":566,"column":16},"end":{"line":568,"column":17}},"238":{"start":{"line":567,"column":20},"end":{"line":567,"column":89}},"239":{"start":{"line":570,"column":36},"end":{"line":575,"column":17}},"240":{"start":{"line":577,"column":16},"end":{"line":589,"column":19}},"241":{"start":{"line":578,"column":20},"end":{"line":580,"column":21}},"242":{"start":{"line":579,"column":24},"end":{"line":579,"column":98}},"243":{"start":{"line":582,"column":20},"end":{"line":582,"column":66}},"244":{"start":{"line":585,"column":20},"end":{"line":585,"column":160}},"245":{"start":{"line":586,"column":20},"end":{"line":586,"column":112}},"246":{"start":{"line":588,"column":20},"end":{"line":588,"column":134}},"247":{"start":{"line":592,"column":16},"end":{"line":592,"column":63}},"248":{"start":{"line":593,"column":16},"end":{"line":593,"column":97}},"249":{"start":{"line":600,"column":8},"end":{"line":631,"column":11}},"250":{"start":{"line":601,"column":25},"end":{"line":601,"column":38}},"251":{"start":{"line":602,"column":12},"end":{"line":602,"column":46}},"252":{"start":{"line":604,"column":12},"end":{"line":630,"column":13}},"253":{"start":{"line":606,"column":34},"end":{"line":606,"column":117}},"254":{"start":{"line":608,"column":16},"end":{"line":608,"column":60}},"255":{"start":{"line":611,"column":16},"end":{"line":613,"column":17}},"256":{"start":{"line":612,"column":20},"end":{"line":612,"column":110}},"257":{"start":{"line":616,"column":33},"end":{"line":619,"column":17}},"258":{"start":{"line":621,"column":16},"end":{"line":623,"column":17}},"259":{"start":{"line":622,"column":20},"end":{"line":622,"column":98}},"260":{"start":{"line":625,"column":16},"end":{"line":625,"column":83}},"261":{"start":{"line":628,"column":16},"end":{"line":628,"column":70}},"262":{"start":{"line":629,"column":16},"end":{"line":629,"column":95}},"263":{"start":{"line":638,"column":8},"end":{"line":674,"column":11}},"264":{"start":{"line":639,"column":26},"end":{"line":639,"column":40}},"265":{"start":{"line":640,"column":24},"end":{"line":640,"column":36}},"266":{"start":{"line":641,"column":29},"end":{"line":641,"column":46}},"267":{"start":{"line":643,"column":12},"end":{"line":673,"column":13}},"268":{"start":{"line":644,"column":16},"end":{"line":669,"column":17}},"269":{"start":{"line":646,"column":37},"end":{"line":649,"column":21}},"270":{"start":{"line":650,"column":37},"end":{"line":653,"column":21}},"271":{"start":{"line":654,"column":20},"end":{"line":657,"column":21}},"272":{"start":{"line":656,"column":24},"end":{"line":656,"column":92}},"273":{"start":{"line":659,"column":20},"end":{"line":659,"column":69}},"274":{"start":{"line":662,"column":20},"end":{"line":666,"column":21}},"275":{"start":{"line":663,"column":24},"end":{"line":663,"column":112}},"276":{"start":{"line":665,"column":24},"end":{"line":665,"column":98}},"277":{"start":{"line":668,"column":20},"end":{"line":668,"column":94}},"278":{"start":{"line":671,"column":16},"end":{"line":671,"column":70}},"279":{"start":{"line":672,"column":16},"end":{"line":672,"column":90}},"280":{"start":{"line":681,"column":8},"end":{"line":696,"column":11}},"281":{"start":{"line":682,"column":12},"end":{"line":684,"column":13}},"282":{"start":{"line":683,"column":16},"end":{"line":683,"column":41}},"283":{"start":{"line":685,"column":12},"end":{"line":695,"column":13}},"284":{"start":{"line":686,"column":44},"end":{"line":686,"column":536}},"285":{"start":{"line":687,"column":16},"end":{"line":687,"column":46}},"286":{"start":{"line":688,"column":16},"end":{"line":691,"column":19}},"287":{"start":{"line":694,"column":16},"end":{"line":694,"column":45}},"288":{"start":{"line":699,"column":8},"end":{"line":708,"column":11}},"289":{"start":{"line":700,"column":12},"end":{"line":702,"column":13}},"290":{"start":{"line":701,"column":16},"end":{"line":701,"column":41}},"291":{"start":{"line":703,"column":12},"end":{"line":707,"column":13}},"292":{"start":{"line":704,"column":12},"end":{"line":704,"column":58}},"293":{"start":{"line":706,"column":16},"end":{"line":706,"column":45}},"294":{"start":{"line":711,"column":8},"end":{"line":786,"column":11}},"295":{"start":{"line":712,"column":12},"end":{"line":785,"column":13}},"296":{"start":{"line":713,"column":16},"end":{"line":715,"column":17}},"297":{"start":{"line":714,"column":20},"end":{"line":714,"column":57}},"298":{"start":{"line":717,"column":63},"end":{"line":717,"column":71}},"299":{"start":{"line":718,"column":36},"end":{"line":718,"column":74}},"300":{"start":{"line":720,"column":16},"end":{"line":720,"column":108}},"301":{"start":{"line":723,"column":34},"end":{"line":726,"column":17}},"302":{"start":{"line":728,"column":16},"end":{"line":730,"column":17}},"303":{"start":{"line":729,"column":20},"end":{"line":729,"column":78}},"304":{"start":{"line":732,"column":33},"end":{"line":732,"column":54}},"305":{"start":{"line":735,"column":32},"end":{"line":738,"column":17}},"306":{"start":{"line":739,"column":32},"end":{"line":742,"column":17}},"307":{"start":{"line":744,"column":16},"end":{"line":746,"column":17}},"308":{"start":{"line":745,"column":20},"end":{"line":745,"column":89}},"309":{"start":{"line":749,"column":28},"end":{"line":749,"column":71}},"310":{"start":{"line":750,"column":29},"end":{"line":755,"column":18}},"311":{"start":{"line":757,"column":16},"end":{"line":757,"column":36}},"312":{"start":{"line":758,"column":16},"end":{"line":758,"column":59}},"313":{"start":{"line":761,"column":33},"end":{"line":764,"column":17}},"314":{"start":{"line":766,"column":16},"end":{"line":768,"column":17}},"315":{"start":{"line":767,"column":20},"end":{"line":767,"column":88}},"316":{"start":{"line":771,"column":33},"end":{"line":774,"column":17}},"317":{"start":{"line":776,"column":16},"end":{"line":778,"column":17}},"318":{"start":{"line":777,"column":20},"end":{"line":777,"column":98}},"319":{"start":{"line":780,"column":16},"end":{"line":780,"column":85}},"320":{"start":{"line":783,"column":16},"end":{"line":783,"column":62}},"321":{"start":{"line":784,"column":16},"end":{"line":784,"column":97}},"322":{"start":{"line":789,"column":8},"end":{"line":806,"column":11}},"323":{"start":{"line":790,"column":12},"end":{"line":792,"column":13}},"324":{"start":{"line":791,"column":16},"end":{"line":791,"column":41}},"325":{"start":{"line":793,"column":12},"end":{"line":805,"column":13}},"326":{"start":{"line":794,"column":27},"end":{"line":794,"column":39}},"327":{"start":{"line":795,"column":16},"end":{"line":795,"column":31}},"328":{"start":{"line":796,"column":44},"end":{"line":801,"column":17}},"329":{"start":{"line":802,"column":12},"end":{"line":802,"column":87}},"330":{"start":{"line":804,"column":16},"end":{"line":804,"column":45}},"331":{"start":{"line":810,"column":8},"end":{"line":820,"column":11}},"332":{"start":{"line":812,"column":12},"end":{"line":814,"column":13}},"333":{"start":{"line":813,"column":16},"end":{"line":813,"column":41}},"334":{"start":{"line":815,"column":12},"end":{"line":819,"column":13}},"335":{"start":{"line":816,"column":16},"end":{"line":816,"column":85}},"336":{"start":{"line":818,"column":16},"end":{"line":818,"column":46}},"337":{"start":{"line":824,"column":8},"end":{"line":833,"column":11}},"338":{"start":{"line":825,"column":12},"end":{"line":832,"column":13}},"339":{"start":{"line":827,"column":41},"end":{"line":827,"column":724}},"340":{"start":{"line":828,"column":16},"end":{"line":828,"column":46}},"341":{"start":{"line":829,"column":12},"end":{"line":829,"column":88}},"342":{"start":{"line":831,"column":16},"end":{"line":831,"column":45}},"343":{"start":{"line":835,"column":8},"end":{"line":841,"column":11}},"344":{"start":{"line":836,"column":12},"end":{"line":840,"column":13}},"345":{"start":{"line":837,"column":12},"end":{"line":837,"column":49}},"346":{"start":{"line":839,"column":16},"end":{"line":839,"column":45}},"347":{"start":{"line":844,"column":8},"end":{"line":926,"column":11}},"348":{"start":{"line":845,"column":12},"end":{"line":925,"column":13}},"349":{"start":{"line":847,"column":84},"end":{"line":847,"column":92}},"350":{"start":{"line":848,"column":37},"end":{"line":848,"column":118}},"351":{"start":{"line":849,"column":16},"end":{"line":855,"column":19}},"352":{"start":{"line":850,"column":20},"end":{"line":854,"column":23}},"353":{"start":{"line":858,"column":33},"end":{"line":861,"column":31}},"354":{"start":{"line":859,"column":20},"end":{"line":861,"column":21}},"355":{"start":{"line":864,"column":29},"end":{"line":864,"column":52}},"356":{"start":{"line":865,"column":33},"end":{"line":865,"column":66}},"357":{"start":{"line":868,"column":33},"end":{"line":868,"column":93}},"358":{"start":{"line":869,"column":30},"end":{"line":869,"column":73}},"359":{"start":{"line":872,"column":32},"end":{"line":881,"column":18}},"360":{"start":{"line":882,"column":16},"end":{"line":882,"column":37}},"361":{"start":{"line":885,"column":33},"end":{"line":896,"column":17}},"362":{"start":{"line":899,"column":16},"end":{"line":904,"column":19}},"363":{"start":{"line":907,"column":38},"end":{"line":907,"column":107}},"364":{"start":{"line":909,"column":17},"end":{"line":913,"column":27}},"365":{"start":{"line":917,"column":38},"end":{"line":917,"column":107}},"366":{"start":{"line":919,"column":28},"end":{"line":923,"column":31}},"367":{"start":{"line":929,"column":4},"end":{"line":954,"column":7}},"368":{"start":{"line":930,"column":8},"end":{"line":953,"column":9}},"369":{"start":{"line":931,"column":12},"end":{"line":931,"column":54}},"370":{"start":{"line":932,"column":23},"end":{"line":932,"column":38}},"371":{"start":{"line":933,"column":28},"end":{"line":933,"column":48}},"372":{"start":{"line":934,"column":29},"end":{"line":937,"column":14}},"373":{"start":{"line":939,"column":12},"end":{"line":939,"column":36}},"374":{"start":{"line":940,"column":12},"end":{"line":949,"column":13}},"375":{"start":{"line":942,"column":20},"end":{"line":942,"column":60}},"376":{"start":{"line":944,"column":20},"end":{"line":944,"column":59}},"377":{"start":{"line":946,"column":20},"end":{"line":946,"column":61}},"378":{"start":{"line":948,"column":20},"end":{"line":948,"column":65}},"379":{"start":{"line":951,"column":12},"end":{"line":951,"column":68}},"380":{"start":{"line":952,"column":12},"end":{"line":952,"column":63}},"381":{"start":{"line":958,"column":8},"end":{"line":1015,"column":10}},"382":{"start":{"line":959,"column":27},"end":{"line":959,"column":45}},"383":{"start":{"line":960,"column":23},"end":{"line":960,"column":38}},"384":{"start":{"line":961,"column":25},"end":{"line":961,"column":42}},"385":{"start":{"line":962,"column":25},"end":{"line":962,"column":42}},"386":{"start":{"line":963,"column":25},"end":{"line":963,"column":42}},"387":{"start":{"line":964,"column":34},"end":{"line":964,"column":60}},"388":{"start":{"line":965,"column":23},"end":{"line":965,"column":38}},"389":{"start":{"line":966,"column":24},"end":{"line":966,"column":40}},"390":{"start":{"line":967,"column":26},"end":{"line":967,"column":44}},"391":{"start":{"line":968,"column":23},"end":{"line":968,"column":24}},"392":{"start":{"line":969,"column":12},"end":{"line":969,"column":119}},"393":{"start":{"line":974,"column":22},"end":{"line":974,"column":67}},"394":{"start":{"line":975,"column":27},"end":{"line":987,"column":14}},"395":{"start":{"line":989,"column":22},"end":{"line":989,"column":75}},"396":{"start":{"line":990,"column":28},"end":{"line":996,"column":14}},"397":{"start":{"line":997,"column":12},"end":{"line":997,"column":34}},"398":{"start":{"line":998,"column":12},"end":{"line":998,"column":35}},"399":{"start":{"line":1002,"column":28},"end":{"line":1002,"column":300}},"400":{"start":{"line":1003,"column":31},"end":{"line":1003,"column":52}},"401":{"start":{"line":1004,"column":35},"end":{"line":1004,"column":146}},"402":{"start":{"line":1006,"column":12},"end":{"line":1006,"column":34}},"403":{"start":{"line":1007,"column":12},"end":{"line":1007,"column":41}},"404":{"start":{"line":1008,"column":12},"end":{"line":1013,"column":13}},"405":{"start":{"line":1009,"column":16},"end":{"line":1009,"column":53}},"406":{"start":{"line":1011,"column":16},"end":{"line":1011,"column":61}},"407":{"start":{"line":1012,"column":16},"end":{"line":1012,"column":74}},"408":{"start":{"line":1021,"column":8},"end":{"line":1026,"column":11}},"409":{"start":{"line":1025,"column":12},"end":{"line":1025,"column":58}},"410":{"start":{"line":1030,"column":0},"end":{"line":1030,"column":24}}},"fnMap":{"0":{"name":"(anonymous_0)","decl":{"start":{"line":31,"column":4},"end":{"line":31,"column":5}},"loc":{"start":{"line":31,"column":18},"end":{"line":51,"column":5}},"line":31},"1":{"name":"(anonymous_1)","decl":{"start":{"line":53,"column":4},"end":{"line":53,"column":5}},"loc":{"start":{"line":53,"column":42},"end":{"line":150,"column":1}},"line":53},"2":{"name":"(anonymous_2)","decl":{"start":{"line":71,"column":50},"end":{"line":71,"column":51}},"loc":{"start":{"line":71,"column":57},"end":{"line":73,"column":9}},"line":71},"3":{"name":"(anonymous_3)","decl":{"start":{"line":77,"column":40},"end":{"line":77,"column":41}},"loc":{"start":{"line":77,"column":46},"end":{"line":79,"column":5}},"line":77},"4":{"name":"(anonymous_4)","decl":{"start":{"line":81,"column":36},"end":{"line":81,"column":37}},"loc":{"start":{"line":81,"column":45},"end":{"line":83,"column":5}},"line":81},"5":{"name":"(anonymous_5)","decl":{"start":{"line":151,"column":4},"end":{"line":151,"column":5}},"loc":{"start":{"line":151,"column":49},"end":{"line":166,"column":5}},"line":151},"6":{"name":"(anonymous_6)","decl":{"start":{"line":167,"column":4},"end":{"line":167,"column":5}},"loc":{"start":{"line":167,"column":27},"end":{"line":178,"column":5}},"line":167},"7":{"name":"(anonymous_7)","decl":{"start":{"line":183,"column":4},"end":{"line":183,"column":5}},"loc":{"start":{"line":183,"column":18},"end":{"line":195,"column":5}},"line":183},"8":{"name":"(anonymous_8)","decl":{"start":{"line":197,"column":4},"end":{"line":197,"column":5}},"loc":{"start":{"line":197,"column":13},"end":{"line":1018,"column":5}},"line":197},"9":{"name":"(anonymous_9)","decl":{"start":{"line":201,"column":25},"end":{"line":201,"column":26}},"loc":{"start":{"line":201,"column":36},"end":{"line":203,"column":9}},"line":201},"10":{"name":"(anonymous_10)","decl":{"start":{"line":205,"column":32},"end":{"line":205,"column":33}},"loc":{"start":{"line":205,"column":52},"end":{"line":264,"column":9}},"line":205},"11":{"name":"(anonymous_11)","decl":{"start":{"line":266,"column":38},"end":{"line":266,"column":39}},"loc":{"start":{"line":266,"column":52},"end":{"line":275,"column":9}},"line":266},"12":{"name":"(anonymous_12)","decl":{"start":{"line":267,"column":32},"end":{"line":267,"column":33}},"loc":{"start":{"line":267,"column":39},"end":{"line":274,"column":13}},"line":267},"13":{"name":"(anonymous_13)","decl":{"start":{"line":279,"column":35},"end":{"line":279,"column":36}},"loc":{"start":{"line":279,"column":55},"end":{"line":286,"column":9}},"line":279},"14":{"name":"(anonymous_14)","decl":{"start":{"line":287,"column":39},"end":{"line":287,"column":40}},"loc":{"start":{"line":287,"column":59},"end":{"line":297,"column":9}},"line":287},"15":{"name":"(anonymous_15)","decl":{"start":{"line":300,"column":43},"end":{"line":300,"column":44}},"loc":{"start":{"line":300,"column":63},"end":{"line":313,"column":9}},"line":300},"16":{"name":"(anonymous_16)","decl":{"start":{"line":315,"column":39},"end":{"line":315,"column":40}},"loc":{"start":{"line":315,"column":59},"end":{"line":322,"column":9}},"line":315},"17":{"name":"(anonymous_17)","decl":{"start":{"line":324,"column":35},"end":{"line":324,"column":36}},"loc":{"start":{"line":324,"column":49},"end":{"line":326,"column":9}},"line":324},"18":{"name":"(anonymous_18)","decl":{"start":{"line":333,"column":35},"end":{"line":333,"column":36}},"loc":{"start":{"line":333,"column":55},"end":{"line":350,"column":9}},"line":333},"19":{"name":"(anonymous_19)","decl":{"start":{"line":353,"column":39},"end":{"line":353,"column":40}},"loc":{"start":{"line":353,"column":59},"end":{"line":369,"column":9}},"line":353},"20":{"name":"(anonymous_20)","decl":{"start":{"line":372,"column":39},"end":{"line":372,"column":40}},"loc":{"start":{"line":372,"column":59},"end":{"line":390,"column":9}},"line":372},"21":{"name":"(anonymous_21)","decl":{"start":{"line":393,"column":42},"end":{"line":393,"column":43}},"loc":{"start":{"line":393,"column":62},"end":{"line":406,"column":9}},"line":393},"22":{"name":"(anonymous_22)","decl":{"start":{"line":410,"column":39},"end":{"line":410,"column":40}},"loc":{"start":{"line":410,"column":59},"end":{"line":489,"column":9}},"line":410},"23":{"name":"(anonymous_23)","decl":{"start":{"line":463,"column":47},"end":{"line":463,"column":48}},"loc":{"start":{"line":463,"column":62},"end":{"line":484,"column":17}},"line":463},"24":{"name":"(anonymous_24)","decl":{"start":{"line":474,"column":55},"end":{"line":474,"column":56}},"loc":{"start":{"line":474,"column":72},"end":{"line":483,"column":21}},"line":474},"25":{"name":"(anonymous_25)","decl":{"start":{"line":495,"column":44},"end":{"line":495,"column":45}},"loc":{"start":{"line":495,"column":58},"end":{"line":505,"column":9}},"line":495},"26":{"name":"(anonymous_26)","decl":{"start":{"line":509,"column":38},"end":{"line":509,"column":39}},"loc":{"start":{"line":509,"column":52},"end":{"line":515,"column":9}},"line":509},"27":{"name":"(anonymous_27)","decl":{"start":{"line":518,"column":41},"end":{"line":518,"column":42}},"loc":{"start":{"line":518,"column":60},"end":{"line":528,"column":9}},"line":518},"28":{"name":"(anonymous_28)","decl":{"start":{"line":531,"column":41},"end":{"line":531,"column":42}},"loc":{"start":{"line":531,"column":55},"end":{"line":533,"column":9}},"line":531},"29":{"name":"(anonymous_29)","decl":{"start":{"line":536,"column":34},"end":{"line":536,"column":35}},"loc":{"start":{"line":536,"column":53},"end":{"line":546,"column":9}},"line":536},"30":{"name":"(anonymous_30)","decl":{"start":{"line":550,"column":34},"end":{"line":550,"column":35}},"loc":{"start":{"line":550,"column":54},"end":{"line":559,"column":9}},"line":550},"31":{"name":"(anonymous_31)","decl":{"start":{"line":562,"column":43},"end":{"line":562,"column":44}},"loc":{"start":{"line":562,"column":63},"end":{"line":595,"column":9}},"line":562},"32":{"name":"(anonymous_32)","decl":{"start":{"line":577,"column":55},"end":{"line":577,"column":56}},"loc":{"start":{"line":577,"column":78},"end":{"line":589,"column":17}},"line":577},"33":{"name":"(anonymous_33)","decl":{"start":{"line":600,"column":40},"end":{"line":600,"column":41}},"loc":{"start":{"line":600,"column":60},"end":{"line":631,"column":9}},"line":600},"34":{"name":"(anonymous_34)","decl":{"start":{"line":638,"column":48},"end":{"line":638,"column":49}},"loc":{"start":{"line":638,"column":68},"end":{"line":674,"column":9}},"line":638},"35":{"name":"(anonymous_35)","decl":{"start":{"line":681,"column":37},"end":{"line":681,"column":38}},"loc":{"start":{"line":681,"column":56},"end":{"line":696,"column":9}},"line":681},"36":{"name":"(anonymous_36)","decl":{"start":{"line":699,"column":40},"end":{"line":699,"column":41}},"loc":{"start":{"line":699,"column":54},"end":{"line":708,"column":9}},"line":699},"37":{"name":"(anonymous_37)","decl":{"start":{"line":711,"column":39},"end":{"line":711,"column":40}},"loc":{"start":{"line":711,"column":59},"end":{"line":786,"column":9}},"line":711},"38":{"name":"(anonymous_38)","decl":{"start":{"line":789,"column":34},"end":{"line":789,"column":35}},"loc":{"start":{"line":789,"column":54},"end":{"line":806,"column":9}},"line":789},"39":{"name":"(anonymous_39)","decl":{"start":{"line":810,"column":39},"end":{"line":810,"column":40}},"loc":{"start":{"line":810,"column":53},"end":{"line":820,"column":9}},"line":810},"40":{"name":"(anonymous_40)","decl":{"start":{"line":824,"column":40},"end":{"line":824,"column":41}},"loc":{"start":{"line":824,"column":60},"end":{"line":833,"column":9}},"line":824},"41":{"name":"(anonymous_41)","decl":{"start":{"line":835,"column":42},"end":{"line":835,"column":43}},"loc":{"start":{"line":835,"column":56},"end":{"line":841,"column":9}},"line":835},"42":{"name":"(anonymous_42)","decl":{"start":{"line":844,"column":36},"end":{"line":844,"column":37}},"loc":{"start":{"line":844,"column":56},"end":{"line":926,"column":9}},"line":844},"43":{"name":"(anonymous_43)","decl":{"start":{"line":858,"column":57},"end":{"line":858,"column":58}},"loc":{"start":{"line":859,"column":20},"end":{"line":861,"column":21}},"line":859},"44":{"name":"(anonymous_44)","decl":{"start":{"line":929,"column":30},"end":{"line":929,"column":31}},"loc":{"start":{"line":929,"column":50},"end":{"line":954,"column":5}},"line":929},"45":{"name":"(anonymous_45)","decl":{"start":{"line":958,"column":43},"end":{"line":958,"column":44}},"loc":{"start":{"line":958,"column":59},"end":{"line":1015,"column":9}},"line":958},"46":{"name":"(anonymous_46)","decl":{"start":{"line":1020,"column":4},"end":{"line":1020,"column":5}},"loc":{"start":{"line":1020,"column":13},"end":{"line":1027,"column":5}},"line":1020},"47":{"name":"(anonymous_47)","decl":{"start":{"line":1024,"column":39},"end":{"line":1024,"column":40}},"loc":{"start":{"line":1024,"column":45},"end":{"line":1026,"column":9}},"line":1024}},"branchMap":{"0":{"loc":{"start":{"line":20,"column":10},"end":{"line":20,"column":44}},"type":"binary-expr","locations":[{"start":{"line":20,"column":10},"end":{"line":20,"column":29}},{"start":{"line":20,"column":33},"end":{"line":20,"column":44}}],"line":20},"1":{"loc":{"start":{"line":21,"column":10},"end":{"line":21,"column":39}},"type":"binary-expr","locations":[{"start":{"line":21,"column":10},"end":{"line":21,"column":29}},{"start":{"line":21,"column":33},"end":{"line":21,"column":39}}],"line":21},"2":{"loc":{"start":{"line":22,"column":14},"end":{"line":22,"column":43}},"type":"binary-expr","locations":[{"start":{"line":22,"column":14},"end":{"line":22,"column":37}},{"start":{"line":22,"column":41},"end":{"line":22,"column":43}}],"line":22},"3":{"loc":{"start":{"line":23,"column":14},"end":{"line":23,"column":44}},"type":"binary-expr","locations":[{"start":{"line":23,"column":14},"end":{"line":23,"column":33}},{"start":{"line":23,"column":37},"end":{"line":23,"column":44}}],"line":23},"4":{"loc":{"start":{"line":24,"column":10},"end":{"line":24,"column":37}},"type":"binary-expr","locations":[{"start":{"line":24,"column":10},"end":{"line":24,"column":29}},{"start":{"line":24,"column":33},"end":{"line":24,"column":37}}],"line":24},"5":{"loc":{"start":{"line":34,"column":20},"end":{"line":34,"column":44}},"type":"binary-expr","locations":[{"start":{"line":34,"column":20},"end":{"line":34,"column":36}},{"start":{"line":34,"column":40},"end":{"line":34,"column":44}}],"line":34},"6":{"loc":{"start":{"line":53,"column":18},"end":{"line":53,"column":40}},"type":"default-arg","locations":[{"start":{"line":53,"column":35},"end":{"line":53,"column":40}}],"line":53},"7":{"loc":{"start":{"line":55,"column":4},"end":{"line":58,"column":5}},"type":"if","locations":[{"start":{"line":55,"column":4},"end":{"line":58,"column":5}},{"start":{},"end":{}}],"line":55},"8":{"loc":{"start":{"line":55,"column":8},"end":{"line":55,"column":85}},"type":"binary-expr","locations":[{"start":{"line":55,"column":8},"end":{"line":55,"column":23}},{"start":{"line":55,"column":27},"end":{"line":55,"column":63}},{"start":{"line":55,"column":67},"end":{"line":55,"column":85}}],"line":55},"9":{"loc":{"start":{"line":70,"column":4},"end":{"line":74,"column":5}},"type":"if","locations":[{"start":{"line":70,"column":4},"end":{"line":74,"column":5}},{"start":{},"end":{}}],"line":70},"10":{"loc":{"start":{"line":70,"column":8},"end":{"line":70,"column":57}},"type":"binary-expr","locations":[{"start":{"line":70,"column":8},"end":{"line":70,"column":22}},{"start":{"line":70,"column":26},"end":{"line":70,"column":57}}],"line":70},"11":{"loc":{"start":{"line":86,"column":4},"end":{"line":149,"column":5}},"type":"if","locations":[{"start":{"line":86,"column":4},"end":{"line":149,"column":5}},{"start":{},"end":{}}],"line":86},"12":{"loc":{"start":{"line":156,"column":12},"end":{"line":161,"column":13}},"type":"if","locations":[{"start":{"line":156,"column":12},"end":{"line":161,"column":13}},{"start":{"line":159,"column":19},"end":{"line":161,"column":13}}],"line":156},"13":{"loc":{"start":{"line":216,"column":16},"end":{"line":221,"column":17}},"type":"if","locations":[{"start":{"line":216,"column":16},"end":{"line":221,"column":17}},{"start":{"line":219,"column":23},"end":{"line":221,"column":17}}],"line":216},"14":{"loc":{"start":{"line":218,"column":27},"end":{"line":218,"column":42}},"type":"binary-expr","locations":[{"start":{"line":218,"column":27},"end":{"line":218,"column":34}},{"start":{"line":218,"column":38},"end":{"line":218,"column":42}}],"line":218},"15":{"loc":{"start":{"line":224,"column":16},"end":{"line":227,"column":17}},"type":"if","locations":[{"start":{"line":224,"column":16},"end":{"line":227,"column":17}},{"start":{},"end":{}}],"line":224},"16":{"loc":{"start":{"line":231,"column":16},"end":{"line":234,"column":17}},"type":"if","locations":[{"start":{"line":231,"column":16},"end":{"line":234,"column":17}},{"start":{},"end":{}}],"line":231},"17":{"loc":{"start":{"line":252,"column":16},"end":{"line":254,"column":17}},"type":"if","locations":[{"start":{"line":252,"column":16},"end":{"line":254,"column":17}},{"start":{},"end":{}}],"line":252},"18":{"loc":{"start":{"line":268,"column":16},"end":{"line":273,"column":17}},"type":"if","locations":[{"start":{"line":268,"column":16},"end":{"line":273,"column":17}},{"start":{"line":271,"column":23},"end":{"line":273,"column":17}}],"line":268},"19":{"loc":{"start":{"line":338,"column":16},"end":{"line":345,"column":17}},"type":"if","locations":[{"start":{"line":338,"column":16},"end":{"line":345,"column":17}},{"start":{"line":342,"column":23},"end":{"line":345,"column":17}}],"line":338},"20":{"loc":{"start":{"line":360,"column":16},"end":{"line":362,"column":17}},"type":"if","locations":[{"start":{"line":360,"column":16},"end":{"line":362,"column":17}},{"start":{},"end":{}}],"line":360},"21":{"loc":{"start":{"line":381,"column":16},"end":{"line":383,"column":17}},"type":"if","locations":[{"start":{"line":381,"column":16},"end":{"line":383,"column":17}},{"start":{},"end":{}}],"line":381},"22":{"loc":{"start":{"line":397,"column":16},"end":{"line":399,"column":17}},"type":"if","locations":[{"start":{"line":397,"column":16},"end":{"line":399,"column":17}},{"start":{},"end":{}}],"line":397},"23":{"loc":{"start":{"line":420,"column":37},"end":{"line":422,"column":41}},"type":"cond-expr","locations":[{"start":{"line":421,"column":22},"end":{"line":421,"column":66}},{"start":{"line":422,"column":22},"end":{"line":422,"column":41}}],"line":420},"24":{"loc":{"start":{"line":425,"column":36},"end":{"line":427,"column":26}},"type":"cond-expr","locations":[{"start":{"line":426,"column":22},"end":{"line":426,"column":58}},{"start":{"line":427,"column":22},"end":{"line":427,"column":26}}],"line":425},"25":{"loc":{"start":{"line":433,"column":16},"end":{"line":436,"column":17}},"type":"if","locations":[{"start":{"line":433,"column":16},"end":{"line":436,"column":17}},{"start":{},"end":{}}],"line":433},"26":{"loc":{"start":{"line":459,"column":26},"end":{"line":459,"column":86}},"type":"cond-expr","locations":[{"start":{"line":459,"column":40},"end":{"line":459,"column":79}},{"start":{"line":459,"column":82},"end":{"line":459,"column":86}}],"line":459},"27":{"loc":{"start":{"line":464,"column":20},"end":{"line":467,"column":21}},"type":"if","locations":[{"start":{"line":464,"column":20},"end":{"line":467,"column":21}},{"start":{},"end":{}}],"line":464},"28":{"loc":{"start":{"line":475,"column":24},"end":{"line":478,"column":25}},"type":"if","locations":[{"start":{"line":475,"column":24},"end":{"line":478,"column":25}},{"start":{},"end":{}}],"line":475},"29":{"loc":{"start":{"line":496,"column":12},"end":{"line":498,"column":13}},"type":"if","locations":[{"start":{"line":496,"column":12},"end":{"line":498,"column":13}},{"start":{},"end":{}}],"line":496},"30":{"loc":{"start":{"line":500,"column":12},"end":{"line":504,"column":13}},"type":"if","locations":[{"start":{"line":500,"column":12},"end":{"line":504,"column":13}},{"start":{"line":502,"column":19},"end":{"line":504,"column":13}}],"line":500},"31":{"loc":{"start":{"line":510,"column":12},"end":{"line":514,"column":13}},"type":"if","locations":[{"start":{"line":510,"column":12},"end":{"line":514,"column":13}},{"start":{"line":512,"column":17},"end":{"line":514,"column":13}}],"line":510},"32":{"loc":{"start":{"line":519,"column":12},"end":{"line":527,"column":13}},"type":"if","locations":[{"start":{"line":519,"column":12},"end":{"line":527,"column":13}},{"start":{"line":525,"column":17},"end":{"line":527,"column":13}}],"line":519},"33":{"loc":{"start":{"line":537,"column":12},"end":{"line":545,"column":13}},"type":"if","locations":[{"start":{"line":537,"column":12},"end":{"line":545,"column":13}},{"start":{"line":543,"column":17},"end":{"line":545,"column":13}}],"line":537},"34":{"loc":{"start":{"line":566,"column":16},"end":{"line":568,"column":17}},"type":"if","locations":[{"start":{"line":566,"column":16},"end":{"line":568,"column":17}},{"start":{},"end":{}}],"line":566},"35":{"loc":{"start":{"line":578,"column":20},"end":{"line":580,"column":21}},"type":"if","locations":[{"start":{"line":578,"column":20},"end":{"line":580,"column":21}},{"start":{},"end":{}}],"line":578},"36":{"loc":{"start":{"line":611,"column":16},"end":{"line":613,"column":17}},"type":"if","locations":[{"start":{"line":611,"column":16},"end":{"line":613,"column":17}},{"start":{},"end":{}}],"line":611},"37":{"loc":{"start":{"line":621,"column":16},"end":{"line":623,"column":17}},"type":"if","locations":[{"start":{"line":621,"column":16},"end":{"line":623,"column":17}},{"start":{},"end":{}}],"line":621},"38":{"loc":{"start":{"line":644,"column":16},"end":{"line":669,"column":17}},"type":"if","locations":[{"start":{"line":644,"column":16},"end":{"line":669,"column":17}},{"start":{"line":667,"column":23},"end":{"line":669,"column":17}}],"line":644},"39":{"loc":{"start":{"line":654,"column":20},"end":{"line":657,"column":21}},"type":"if","locations":[{"start":{"line":654,"column":20},"end":{"line":657,"column":21}},{"start":{},"end":{}}],"line":654},"40":{"loc":{"start":{"line":662,"column":20},"end":{"line":666,"column":21}},"type":"if","locations":[{"start":{"line":662,"column":20},"end":{"line":666,"column":21}},{"start":{"line":664,"column":27},"end":{"line":666,"column":21}}],"line":662},"41":{"loc":{"start":{"line":662,"column":24},"end":{"line":662,"column":86}},"type":"binary-expr","locations":[{"start":{"line":662,"column":24},"end":{"line":662,"column":30}},{"start":{"line":662,"column":35},"end":{"line":662,"column":58}},{"start":{"line":662,"column":62},"end":{"line":662,"column":85}}],"line":662},"42":{"loc":{"start":{"line":682,"column":12},"end":{"line":684,"column":13}},"type":"if","locations":[{"start":{"line":682,"column":12},"end":{"line":684,"column":13}},{"start":{},"end":{}}],"line":682},"43":{"loc":{"start":{"line":685,"column":12},"end":{"line":695,"column":13}},"type":"if","locations":[{"start":{"line":685,"column":12},"end":{"line":695,"column":13}},{"start":{"line":693,"column":17},"end":{"line":695,"column":13}}],"line":685},"44":{"loc":{"start":{"line":700,"column":12},"end":{"line":702,"column":13}},"type":"if","locations":[{"start":{"line":700,"column":12},"end":{"line":702,"column":13}},{"start":{},"end":{}}],"line":700},"45":{"loc":{"start":{"line":703,"column":12},"end":{"line":707,"column":13}},"type":"if","locations":[{"start":{"line":703,"column":12},"end":{"line":707,"column":13}},{"start":{"line":705,"column":17},"end":{"line":707,"column":13}}],"line":703},"46":{"loc":{"start":{"line":713,"column":16},"end":{"line":715,"column":17}},"type":"if","locations":[{"start":{"line":713,"column":16},"end":{"line":715,"column":17}},{"start":{},"end":{}}],"line":713},"47":{"loc":{"start":{"line":728,"column":16},"end":{"line":730,"column":17}},"type":"if","locations":[{"start":{"line":728,"column":16},"end":{"line":730,"column":17}},{"start":{},"end":{}}],"line":728},"48":{"loc":{"start":{"line":728,"column":20},"end":{"line":728,"column":59}},"type":"binary-expr","locations":[{"start":{"line":728,"column":20},"end":{"line":728,"column":33}},{"start":{"line":728,"column":37},"end":{"line":728,"column":59}}],"line":728},"49":{"loc":{"start":{"line":744,"column":16},"end":{"line":746,"column":17}},"type":"if","locations":[{"start":{"line":744,"column":16},"end":{"line":746,"column":17}},{"start":{},"end":{}}],"line":744},"50":{"loc":{"start":{"line":744,"column":20},"end":{"line":744,"column":82}},"type":"binary-expr","locations":[{"start":{"line":744,"column":20},"end":{"line":744,"column":49}},{"start":{"line":744,"column":53},"end":{"line":744,"column":82}}],"line":744},"51":{"loc":{"start":{"line":766,"column":16},"end":{"line":768,"column":17}},"type":"if","locations":[{"start":{"line":766,"column":16},"end":{"line":768,"column":17}},{"start":{},"end":{}}],"line":766},"52":{"loc":{"start":{"line":776,"column":16},"end":{"line":778,"column":17}},"type":"if","locations":[{"start":{"line":776,"column":16},"end":{"line":778,"column":17}},{"start":{},"end":{}}],"line":776},"53":{"loc":{"start":{"line":790,"column":12},"end":{"line":792,"column":13}},"type":"if","locations":[{"start":{"line":790,"column":12},"end":{"line":792,"column":13}},{"start":{},"end":{}}],"line":790},"54":{"loc":{"start":{"line":793,"column":12},"end":{"line":805,"column":13}},"type":"if","locations":[{"start":{"line":793,"column":12},"end":{"line":805,"column":13}},{"start":{"line":803,"column":17},"end":{"line":805,"column":13}}],"line":793},"55":{"loc":{"start":{"line":812,"column":12},"end":{"line":814,"column":13}},"type":"if","locations":[{"start":{"line":812,"column":12},"end":{"line":814,"column":13}},{"start":{},"end":{}}],"line":812},"56":{"loc":{"start":{"line":815,"column":12},"end":{"line":819,"column":13}},"type":"if","locations":[{"start":{"line":815,"column":12},"end":{"line":819,"column":13}},{"start":{"line":817,"column":19},"end":{"line":819,"column":13}}],"line":815},"57":{"loc":{"start":{"line":825,"column":12},"end":{"line":832,"column":13}},"type":"if","locations":[{"start":{"line":825,"column":12},"end":{"line":832,"column":13}},{"start":{"line":830,"column":17},"end":{"line":832,"column":13}}],"line":825},"58":{"loc":{"start":{"line":836,"column":12},"end":{"line":840,"column":13}},"type":"if","locations":[{"start":{"line":836,"column":12},"end":{"line":840,"column":13}},{"start":{"line":838,"column":17},"end":{"line":840,"column":13}}],"line":836},"59":{"loc":{"start":{"line":849,"column":16},"end":{"line":855,"column":19}},"type":"if","locations":[{"start":{"line":849,"column":16},"end":{"line":855,"column":19}},{"start":{},"end":{}}],"line":849},"60":{"loc":{"start":{"line":869,"column":30},"end":{"line":869,"column":73}},"type":"cond-expr","locations":[{"start":{"line":869,"column":49},"end":{"line":869,"column":69}},{"start":{"line":869,"column":72},"end":{"line":869,"column":73}}],"line":869},"61":{"loc":{"start":{"line":940,"column":12},"end":{"line":949,"column":13}},"type":"switch","locations":[{"start":{"line":941,"column":16},"end":{"line":942,"column":60}},{"start":{"line":943,"column":16},"end":{"line":944,"column":59}},{"start":{"line":945,"column":16},"end":{"line":946,"column":61}},{"start":{"line":947,"column":16},"end":{"line":948,"column":65}}],"line":940},"62":{"loc":{"start":{"line":1008,"column":12},"end":{"line":1013,"column":13}},"type":"if","locations":[{"start":{"line":1008,"column":12},"end":{"line":1013,"column":13}},{"start":{"line":1010,"column":19},"end":{"line":1013,"column":13}}],"line":1008},"63":{"loc":{"start":{"line":1008,"column":16},"end":{"line":1008,"column":85}},"type":"binary-expr","locations":[{"start":{"line":1008,"column":16},"end":{"line":1008,"column":45}},{"start":{"line":1008,"column":49},"end":{"line":1008,"column":85}}],"line":1008}},"s":{"0":4,"1":4,"2":4,"3":4,"4":4,"5":4,"6":4,"7":4,"8":4,"9":4,"10":4,"11":4,"12":4,"13":4,"14":4,"15":4,"16":0,"17":0,"18":0,"19":0,"20":0,"21":0,"22":0,"23":0,"24":0,"25":0,"26":0,"27":0,"28":0,"29":0,"30":0,"31":0,"32":0,"33":0,"34":0,"35":0,"36":0,"37":0,"38":0,"39":0,"40":0,"41":0,"42":0,"43":0,"44":0,"45":0,"46":0,"47":0,"48":0,"49":0,"50":0,"51":0,"52":0,"53":0,"54":0,"55":0,"56":0,"57":0,"58":0,"59":0,"60":0,"61":0,"62":0,"63":0,"64":0,"65":0,"66":0,"67":0,"68":0,"69":0,"70":0,"71":0,"72":0,"73":0,"74":0,"75":0,"76":0,"77":0,"78":0,"79":0,"80":0,"81":0,"82":0,"83":0,"84":0,"85":0,"86":0,"87":0,"88":0,"89":0,"90":0,"91":0,"92":0,"93":0,"94":0,"95":0,"96":0,"97":0,"98":0,"99":0,"100":0,"101":0,"102":0,"103":0,"104":0,"105":0,"106":0,"107":0,"108":0,"109":0,"110":0,"111":0,"112":0,"113":0,"114":0,"115":0,"116":0,"117":0,"118":0,"119":0,"120":0,"121":0,"122":0,"123":0,"124":0,"125":0,"126":0,"127":0,"128":0,"129":0,"130":0,"131":0,"132":0,"133":0,"134":0,"135":0,"136":0,"137":0,"138":0,"139":0,"140":0,"141":0,"142":0,"143":0,"144":0,"145":0,"146":0,"147":0,"148":0,"149":0,"150":0,"151":0,"152":0,"153":0,"154":0,"155":0,"156":0,"157":0,"158":0,"159":0,"160":0,"161":0,"162":0,"163":0,"164":0,"165":0,"166":0,"167":0,"168":0,"169":0,"170":0,"171":0,"172":0,"173":0,"174":0,"175":0,"176":0,"177":0,"178":0,"179":0,"180":0,"181":0,"182":0,"183":0,"184":0,"185":0,"186":0,"187":0,"188":0,"189":0,"190":0,"191":0,"192":0,"193":0,"194":0,"195":0,"196":0,"197":0,"198":0,"199":0,"200":0,"201":0,"202":0,"203":0,"204":0,"205":0,"206":0,"207":0,"208":0,"209":0,"210":0,"211":0,"212":0,"213":0,"214":0,"215":0,"216":0,"217":0,"218":0,"219":0,"220":0,"221":0,"222":0,"223":0,"224":0,"225":0,"226":0,"227":0,"228":0,"229":0,"230":0,"231":0,"232":0,"233":0,"234":0,"235":0,"236":0,"237":0,"238":0,"239":0,"240":0,"241":0,"242":0,"243":0,"244":0,"245":0,"246":0,"247":0,"248":0,"249":0,"250":0,"251":0,"252":0,"253":0,"254":0,"255":0,"256":0,"257":0,"258":0,"259":0,"260":0,"261":0,"262":0,"263":0,"264":0,"265":0,"266":0,"267":0,"268":0,"269":0,"270":0,"271":0,"272":0,"273":0,"274":0,"275":0,"276":0,"277":0,"278":0,"279":0,"280":0,"281":0,"282":0,"283":0,"284":0,"285":0,"286":0,"287":0,"288":0,"289":0,"290":0,"291":0,"292":0,"293":0,"294":0,"295":0,"296":0,"297":0,"298":0,"299":0,"300":0,"301":0,"302":0,"303":0,"304":0,"305":0,"306":0,"307":0,"308":0,"309":0,"310":0,"311":0,"312":0,"313":0,"314":0,"315":0,"316":0,"317":0,"318":0,"319":0,"320":0,"321":0,"322":0,"323":0,"324":0,"325":0,"326":0,"327":0,"328":0,"329":0,"330":0,"331":0,"332":0,"333":0,"334":0,"335":0,"336":0,"337":0,"338":0,"339":0,"340":0,"341":0,"342":0,"343":0,"344":0,"345":0,"346":0,"347":0,"348":0,"349":0,"350":0,"351":0,"352":0,"353":0,"354":0,"355":0,"356":0,"357":0,"358":0,"359":0,"360":0,"361":0,"362":0,"363":0,"364":0,"365":0,"366":0,"367":0,"368":0,"369":0,"370":0,"371":0,"372":0,"373":0,"374":0,"375":0,"376":0,"377":0,"378":0,"379":0,"380":0,"381":0,"382":0,"383":0,"384":0,"385":0,"386":0,"387":0,"388":0,"389":0,"390":0,"391":0,"392":0,"393":0,"394":0,"395":0,"396":0,"397":0,"398":0,"399":0,"400":0,"401":0,"402":0,"403":0,"404":0,"405":0,"406":0,"407":0,"408":0,"409":0,"410":4},"f":{"0":0,"1":0,"2":0,"3":0,"4":0,"5":0,"6":0,"7":0,"8":0,"9":0,"10":0,"11":0,"12":0,"13":0,"14":0,"15":0,"16":0,"17":0,"18":0,"19":0,"20":0,"21":0,"22":0,"23":0,"24":0,"25":0,"26":0,"27":0,"28":0,"29":0,"30":0,"31":0,"32":0,"33":0,"34":0,"35":0,"36":0,"37":0,"38":0,"39":0,"40":0,"41":0,"42":0,"43":0,"44":0,"45":0,"46":0,"47":0},"b":{"0":[4,0],"1":[4,0],"2":[4,4],"3":[4,0],"4":[4,0],"5":[0,0],"6":[0],"7":[0,0],"8":[0,0,0],"9":[0,0],"10":[0,0],"11":[0,0],"12":[0,0],"13":[0,0],"14":[0,0],"15":[0,0],"16":[0,0],"17":[0,0],"18":[0,0],"19":[0,0],"20":[0,0],"21":[0,0],"22":[0,0],"23":[0,0],"24":[0,0],"25":[0,0],"26":[0,0],"27":[0,0],"28":[0,0],"29":[0,0],"30":[0,0],"31":[0,0],"32":[0,0],"33":[0,0],"34":[0,0],"35":[0,0],"36":[0,0],"37":[0,0],"38":[0,0],"39":[0,0],"40":[0,0],"41":[0,0,0],"42":[0,0],"43":[0,0],"44":[0,0],"45":[0,0],"46":[0,0],"47":[0,0],"48":[0,0],"49":[0,0],"50":[0,0],"51":[0,0],"52":[0,0],"53":[0,0],"54":[0,0],"55":[0,0],"56":[0,0],"57":[0,0],"58":[0,0],"59":[0,0],"60":[0,0],"61":[0,0,0,0],"62":[0,0],"63":[0,0]},"_coverageSchema":"1a1c01bbd47fc00a2c39e90264f33305004495a9","hash":"248f191013fb1be50384f666d4ca510e440fb158"}
,"C:\\Users\\n2917\\OneDrive\\Desktop\\S.A.M\\models\\user.model.js": {"path":"C:\\Users\\n2917\\OneDrive\\Desktop\\S.A.M\\models\\user.model.js","statementMap":{"0":{"start":{"line":1,"column":34},"end":{"line":1,"column":53}},"1":{"start":{"line":4,"column":19},"end":{"line":34,"column":2}},"2":{"start":{"line":38,"column":0},"end":{"line":38,"column":58}}},"fnMap":{},"branchMap":{"0":{"loc":{"start":{"line":38,"column":17},"end":{"line":38,"column":57}},"type":"binary-expr","locations":[{"start":{"line":38,"column":17},"end":{"line":38,"column":28}},{"start":{"line":38,"column":32},"end":{"line":38,"column":57}}],"line":38}},"s":{"0":0,"1":0,"2":0},"f":{},"b":{"0":[0,0]}}
}
