TN:
SF:models\server.js
FN:31,(anonymous_0)
FN:53,(anonymous_1)
FN:71,(anonymous_2)
FN:77,(anonymous_3)
FN:81,(anonymous_4)
FN:151,(anonymous_5)
FN:167,(anonymous_6)
FN:183,(anonymous_7)
FN:197,(anonymous_8)
FN:201,(anonymous_9)
FN:205,(anonymous_10)
FN:266,(anonymous_11)
FN:267,(anonymous_12)
FN:279,(anonymous_13)
FN:287,(anonymous_14)
FN:300,(anonymous_15)
FN:315,(anonymous_16)
FN:324,(anonymous_17)
FN:333,(anonymous_18)
FN:353,(anonymous_19)
FN:372,(anonymous_20)
FN:393,(anonymous_21)
FN:410,(anonymous_22)
FN:463,(anonymous_23)
FN:474,(anonymous_24)
FN:495,(anonymous_25)
FN:509,(anonymous_26)
FN:518,(anonymous_27)
FN:531,(anonymous_28)
FN:536,(anonymous_29)
FN:550,(anonymous_30)
FN:562,(anonymous_31)
FN:577,(anonymous_32)
FN:600,(anonymous_33)
FN:638,(anonymous_34)
FN:681,(anonymous_35)
FN:699,(anonymous_36)
FN:711,(anonymous_37)
FN:789,(anonymous_38)
FN:810,(anonymous_39)
FN:824,(anonymous_40)
FN:835,(anonymous_41)
FN:844,(anonymous_42)
FN:858,(anonymous_43)
FN:929,(anonymous_44)
FN:958,(anonymous_45)
FN:1020,(anonymous_46)
FN:1024,(anonymous_47)
FNF:48
FNH:0
FNDA:0,(anonymous_0)
FNDA:0,(anonymous_1)
FNDA:0,(anonymous_2)
FNDA:0,(anonymous_3)
FNDA:0,(anonymous_4)
FNDA:0,(anonymous_5)
FNDA:0,(anonymous_6)
FNDA:0,(anonymous_7)
FNDA:0,(anonymous_8)
FNDA:0,(anonymous_9)
FNDA:0,(anonymous_10)
FNDA:0,(anonymous_11)
FNDA:0,(anonymous_12)
FNDA:0,(anonymous_13)
FNDA:0,(anonymous_14)
FNDA:0,(anonymous_15)
FNDA:0,(anonymous_16)
FNDA:0,(anonymous_17)
FNDA:0,(anonymous_18)
FNDA:0,(anonymous_19)
FNDA:0,(anonymous_20)
FNDA:0,(anonymous_21)
FNDA:0,(anonymous_22)
FNDA:0,(anonymous_23)
FNDA:0,(anonymous_24)
FNDA:0,(anonymous_25)
FNDA:0,(anonymous_26)
FNDA:0,(anonymous_27)
FNDA:0,(anonymous_28)
FNDA:0,(anonymous_29)
FNDA:0,(anonymous_30)
FNDA:0,(anonymous_31)
FNDA:0,(anonymous_32)
FNDA:0,(anonymous_33)
FNDA:0,(anonymous_34)
FNDA:0,(anonymous_35)
FNDA:0,(anonymous_36)
FNDA:0,(anonymous_37)
FNDA:0,(anonymous_38)
FNDA:0,(anonymous_39)
FNDA:0,(anonymous_40)
FNDA:0,(anonymous_41)
FNDA:0,(anonymous_42)
FNDA:0,(anonymous_43)
FNDA:0,(anonymous_44)
FNDA:0,(anonymous_45)
FNDA:0,(anonymous_46)
FNDA:0,(anonymous_47)
DA:1,4
DA:2,4
DA:3,4
DA:4,4
DA:5,4
DA:6,4
DA:7,4
DA:8,4
DA:9,4
DA:10,4
DA:11,4
DA:12,4
DA:13,4
DA:14,4
DA:16,4
DA:19,4
DA:32,0
DA:33,0
DA:34,0
DA:35,0
DA:36,0
DA:37,0
DA:38,0
DA:39,0
DA:40,0
DA:41,0
DA:42,0
DA:43,0
DA:44,0
DA:55,0
DA:56,0
DA:57,0
DA:61,0
DA:70,0
DA:71,0
DA:72,0
DA:77,0
DA:78,0
DA:81,0
DA:82,0
DA:86,0
DA:87,0
DA:89,0
DA:100,0
DA:114,0
DA:121,0
DA:129,0
DA:135,0
DA:136,0
DA:137,0
DA:138,0
DA:139,0
DA:140,0
DA:143,0
DA:144,0
DA:145,0
DA:146,0
DA:147,0
DA:152,0
DA:153,0
DA:154,0
DA:156,0
DA:157,0
DA:158,0
DA:160,0
DA:163,0
DA:164,0
DA:168,0
DA:170,0
DA:171,0
DA:172,0
DA:175,0
DA:176,0
DA:184,0
DA:185,0
DA:186,0
DA:187,0
DA:188,0
DA:201,0
DA:202,0
DA:205,0
DA:206,0
DA:208,0
DA:209,0
DA:212,0
DA:213,0
DA:216,0
DA:217,0
DA:218,0
DA:220,0
DA:224,0
DA:225,0
DA:226,0
DA:230,0
DA:231,0
DA:232,0
DA:233,0
DA:237,0
DA:238,0
DA:239,0
DA:240,0
DA:242,0
DA:245,0
DA:251,0
DA:252,0
DA:253,0
DA:256,0
DA:257,0
DA:261,0
DA:262,0
DA:266,0
DA:267,0
DA:268,0
DA:269,0
DA:270,0
DA:272,0
DA:279,0
DA:280,0
DA:281,0
DA:282,0
DA:284,0
DA:287,0
DA:288,0
DA:289,0
DA:290,0
DA:291,0
DA:292,0
DA:294,0
DA:295,0
DA:300,0
DA:301,0
DA:302,0
DA:309,0
DA:311,0
DA:315,0
DA:316,0
DA:317,0
DA:318,0
DA:320,0
DA:324,0
DA:325,0
DA:333,0
DA:334,0
DA:335,0
DA:336,0
DA:338,0
DA:339,0
DA:340,0
DA:341,0
DA:343,0
DA:344,0
DA:347,0
DA:348,0
DA:353,0
DA:354,0
DA:355,0
DA:360,0
DA:361,0
DA:364,0
DA:366,0
DA:367,0
DA:372,0
DA:373,0
DA:374,0
DA:376,0
DA:381,0
DA:382,0
DA:385,0
DA:387,0
DA:388,0
DA:393,0
DA:394,0
DA:395,0
DA:397,0
DA:398,0
DA:401,0
DA:403,0
DA:404,0
DA:410,0
DA:411,0
DA:412,0
DA:415,0
DA:420,0
DA:424,0
DA:425,0
DA:430,0
DA:433,0
DA:434,0
DA:435,0
DA:439,0
DA:463,0
DA:464,0
DA:465,0
DA:466,0
DA:470,0
DA:474,0
DA:475,0
DA:476,0
DA:477,0
DA:480,0
DA:481,0
DA:482,0
DA:486,0
DA:487,0
DA:495,0
DA:496,0
DA:497,0
DA:500,0
DA:501,0
DA:503,0
DA:509,0
DA:510,0
DA:511,0
DA:513,0
DA:518,0
DA:519,0
DA:520,0
DA:521,0
DA:522,0
DA:524,0
DA:526,0
DA:531,0
DA:532,0
DA:536,0
DA:537,0
DA:538,0
DA:542,0
DA:544,0
DA:550,0
DA:551,0
DA:553,0
DA:554,0
DA:556,0
DA:557,0
DA:562,0
DA:563,0
DA:564,0
DA:566,0
DA:567,0
DA:570,0
DA:577,0
DA:578,0
DA:579,0
DA:582,0
DA:585,0
DA:586,0
DA:588,0
DA:592,0
DA:593,0
DA:600,0
DA:601,0
DA:602,0
DA:604,0
DA:606,0
DA:608,0
DA:611,0
DA:612,0
DA:616,0
DA:621,0
DA:622,0
DA:625,0
DA:628,0
DA:629,0
DA:638,0
DA:639,0
DA:640,0
DA:641,0
DA:643,0
DA:644,0
DA:646,0
DA:650,0
DA:654,0
DA:656,0
DA:659,0
DA:662,0
DA:663,0
DA:665,0
DA:668,0
DA:671,0
DA:672,0
DA:681,0
DA:682,0
DA:683,0
DA:685,0
DA:686,0
DA:687,0
DA:688,0
DA:694,0
DA:699,0
DA:700,0
DA:701,0
DA:703,0
DA:704,0
DA:706,0
DA:711,0
DA:712,0
DA:713,0
DA:714,0
DA:717,0
DA:718,0
DA:720,0
DA:723,0
DA:728,0
DA:729,0
DA:732,0
DA:735,0
DA:739,0
DA:744,0
DA:745,0
DA:749,0
DA:750,0
DA:757,0
DA:758,0
DA:761,0
DA:766,0
DA:767,0
DA:771,0
DA:776,0
DA:777,0
DA:780,0
DA:783,0
DA:784,0
DA:789,0
DA:790,0
DA:791,0
DA:793,0
DA:794,0
DA:795,0
DA:796,0
DA:802,0
DA:804,0
DA:810,0
DA:812,0
DA:813,0
DA:815,0
DA:816,0
DA:818,0
DA:824,0
DA:825,0
DA:827,0
DA:828,0
DA:829,0
DA:831,0
DA:835,0
DA:836,0
DA:837,0
DA:839,0
DA:844,0
DA:845,0
DA:847,0
DA:848,0
DA:849,0
DA:850,0
DA:858,0
DA:859,0
DA:864,0
DA:865,0
DA:868,0
DA:869,0
DA:872,0
DA:882,0
DA:885,0
DA:899,0
DA:907,0
DA:909,0
DA:917,0
DA:919,0
DA:929,0
DA:930,0
DA:931,0
DA:932,0
DA:933,0
DA:934,0
DA:939,0
DA:940,0
DA:942,0
DA:944,0
DA:946,0
DA:948,0
DA:951,0
DA:952,0
DA:958,0
DA:959,0
DA:960,0
DA:961,0
DA:962,0
DA:963,0
DA:964,0
DA:965,0
DA:966,0
DA:967,0
DA:968,0
DA:969,0
DA:974,0
DA:975,0
DA:989,0
DA:990,0
DA:997,0
DA:998,0
DA:1002,0
DA:1003,0
DA:1004,0
DA:1006,0
DA:1007,0
DA:1008,0
DA:1009,0
DA:1011,0
DA:1012,0
DA:1021,0
DA:1025,0
DA:1030,4
LF:411
LH:17
BRDA:20,0,0,4
BRDA:20,0,1,0
BRDA:21,1,0,4
BRDA:21,1,1,0
BRDA:22,2,0,4
BRDA:22,2,1,4
BRDA:23,3,0,4
BRDA:23,3,1,0
BRDA:24,4,0,4
BRDA:24,4,1,0
BRDA:34,5,0,0
BRDA:34,5,1,0
BRDA:53,6,0,0
BRDA:55,7,0,0
BRDA:55,7,1,0
BRDA:55,8,0,0
BRDA:55,8,1,0
BRDA:55,8,2,0
BRDA:70,9,0,0
BRDA:70,9,1,0
BRDA:70,10,0,0
BRDA:70,10,1,0
BRDA:86,11,0,0
BRDA:86,11,1,0
BRDA:156,12,0,0
BRDA:156,12,1,0
BRDA:216,13,0,0
BRDA:216,13,1,0
BRDA:218,14,0,0
BRDA:218,14,1,0
BRDA:224,15,0,0
BRDA:224,15,1,0
BRDA:231,16,0,0
BRDA:231,16,1,0
BRDA:252,17,0,0
BRDA:252,17,1,0
BRDA:268,18,0,0
BRDA:268,18,1,0
BRDA:338,19,0,0
BRDA:338,19,1,0
BRDA:360,20,0,0
BRDA:360,20,1,0
BRDA:381,21,0,0
BRDA:381,21,1,0
BRDA:397,22,0,0
BRDA:397,22,1,0
BRDA:420,23,0,0
BRDA:420,23,1,0
BRDA:425,24,0,0
BRDA:425,24,1,0
BRDA:433,25,0,0
BRDA:433,25,1,0
BRDA:459,26,0,0
BRDA:459,26,1,0
BRDA:464,27,0,0
BRDA:464,27,1,0
BRDA:475,28,0,0
BRDA:475,28,1,0
BRDA:496,29,0,0
BRDA:496,29,1,0
BRDA:500,30,0,0
BRDA:500,30,1,0
BRDA:510,31,0,0
BRDA:510,31,1,0
BRDA:519,32,0,0
BRDA:519,32,1,0
BRDA:537,33,0,0
BRDA:537,33,1,0
BRDA:566,34,0,0
BRDA:566,34,1,0
BRDA:578,35,0,0
BRDA:578,35,1,0
BRDA:611,36,0,0
BRDA:611,36,1,0
BRDA:621,37,0,0
BRDA:621,37,1,0
BRDA:644,38,0,0
BRDA:644,38,1,0
BRDA:654,39,0,0
BRDA:654,39,1,0
BRDA:662,40,0,0
BRDA:662,40,1,0
BRDA:662,41,0,0
BRDA:662,41,1,0
BRDA:662,41,2,0
BRDA:682,42,0,0
BRDA:682,42,1,0
BRDA:685,43,0,0
BRDA:685,43,1,0
BRDA:700,44,0,0
BRDA:700,44,1,0
BRDA:703,45,0,0
BRDA:703,45,1,0
BRDA:713,46,0,0
BRDA:713,46,1,0
BRDA:728,47,0,0
BRDA:728,47,1,0
BRDA:728,48,0,0
BRDA:728,48,1,0
BRDA:744,49,0,0
BRDA:744,49,1,0
BRDA:744,50,0,0
BRDA:744,50,1,0
BRDA:766,51,0,0
BRDA:766,51,1,0
BRDA:776,52,0,0
BRDA:776,52,1,0
BRDA:790,53,0,0
BRDA:790,53,1,0
BRDA:793,54,0,0
BRDA:793,54,1,0
BRDA:812,55,0,0
BRDA:812,55,1,0
BRDA:815,56,0,0
BRDA:815,56,1,0
BRDA:825,57,0,0
BRDA:825,57,1,0
BRDA:836,58,0,0
BRDA:836,58,1,0
BRDA:849,59,0,0
BRDA:849,59,1,0
BRDA:869,60,0,0
BRDA:869,60,1,0
BRDA:940,61,0,0
BRDA:940,61,1,0
BRDA:940,61,2,0
BRDA:940,61,3,0
BRDA:1008,62,0,0
BRDA:1008,62,1,0
BRDA:1008,63,0,0
BRDA:1008,63,1,0
BRF:131
BRH:6
end_of_record
TN:
SF:models\user.model.js
FNF:0
FNH:0
DA:1,0
DA:4,0
DA:38,0
LF:3
LH:0
BRDA:38,0,0,0
BRDA:38,0,1,0
BRF:2
BRH:0
end_of_record
